c:\users\hugo nouyoux\documents\programmation\git\algorithmegeometrique\moteurphysique\moteurphysique\x64\release\moteurphysique.pch
c:\users\hugo nouyoux\documents\programmation\git\algorithmegeometrique\moteurphysique\moteurphysique\x64\release\vc141.pdb
c:\users\hugo nouyoux\documents\programmation\git\algorithmegeometrique\moteurphysique\moteurphysique\x64\release\pch.obj
c:\users\hugo nouyoux\documents\programmation\git\algorithmegeometrique\moteurphysique\moteurphysique\x64\release\vertex.obj
c:\users\hugo nouyoux\documents\programmation\git\algorithmegeometrique\moteurphysique\moteurphysique\x64\release\vector4.obj
c:\users\hugo nouyoux\documents\programmation\git\algorithmegeometrique\moteurphysique\moteurphysique\x64\release\vector3.obj
c:\users\hugo nouyoux\documents\programmation\git\algorithmegeometrique\moteurphysique\moteurphysique\x64\release\triangle.obj
c:\users\hugo nouyoux\documents\programmation\git\algorithmegeometrique\moteurphysique\moteurphysique\x64\release\sphere.obj
c:\users\hugo nouyoux\documents\programmation\git\algorithmegeometrique\moteurphysique\moteurphysique\x64\release\plane.obj
c:\users\hugo nouyoux\documents\programmation\git\algorithmegeometrique\moteurphysique\moteurphysique\x64\release\object.obj
c:\users\hugo nouyoux\documents\programmation\git\algorithmegeometrique\moteurphysique\moteurphysique\x64\release\moteurphysique.obj
c:\users\hugo nouyoux\documents\programmation\git\algorithmegeometrique\moteurphysique\moteurphysique\x64\release\meshcube.obj
c:\users\hugo nouyoux\documents\programmation\git\algorithmegeometrique\moteurphysique\moteurphysique\x64\release\mesh.obj
c:\users\hugo nouyoux\documents\programmation\git\algorithmegeometrique\moteurphysique\moteurphysique\x64\release\matrix3.obj
c:\users\hugo nouyoux\documents\programmation\git\algorithmegeometrique\moteurphysique\moteurphysique\x64\release\cube.obj
c:\users\hugo nouyoux\documents\programmation\git\algorithmegeometrique\moteurphysique\x64\release\moteurphysique.exe
c:\users\hugo nouyoux\documents\programmation\git\algorithmegeometrique\moteurphysique\x64\release\moteurphysique.pdb
c:\users\hugo nouyoux\documents\programmation\git\algorithmegeometrique\moteurphysique\x64\release\moteurphysique.ipdb
c:\users\hugo nouyoux\documents\programmation\git\algorithmegeometrique\moteurphysique\x64\release\moteurphysique.iobj
c:\users\hugo nouyoux\documents\programmation\git\algorithmegeometrique\moteurphysique\moteurphysique\x64\release\moteurphysique.tlog\cl.command.1.tlog
c:\users\hugo nouyoux\documents\programmation\git\algorithmegeometrique\moteurphysique\moteurphysique\x64\release\moteurphysique.tlog\cl.read.1.tlog
c:\users\hugo nouyoux\documents\programmation\git\algorithmegeometrique\moteurphysique\moteurphysique\x64\release\moteurphysique.tlog\cl.write.1.tlog
c:\users\hugo nouyoux\documents\programmation\git\algorithmegeometrique\moteurphysique\moteurphysique\x64\release\moteurphysique.tlog\link.command.1.tlog
c:\users\hugo nouyoux\documents\programmation\git\algorithmegeometrique\moteurphysique\moteurphysique\x64\release\moteurphysique.tlog\link.read.1.tlog
c:\users\hugo nouyoux\documents\programmation\git\algorithmegeometrique\moteurphysique\moteurphysique\x64\release\moteurphysique.tlog\link.write.1.tlog
c:\users\hugo nouyoux\documents\programmation\git\algorithmegeometrique\moteurphysique\moteurphysique\x64\release\moteurphysique.tlog\moteurphysique.write.1u.tlog
